DEBUG 1409471736@qtp-1015659282-37 org.hibernate.internal.util.EntityPrinter - com.ssh.shop.entity.Goods{price=3.0, name=雪碧, id=42, pic=pic\7f981831-94f3-484b-a8f2-708ca4b7e1ed.jpg, type=饮料, samary=好喝的雪碧}
DEBUG 1409471736@qtp-1015659282-37 org.hibernate.SQL - 
    select
        count(stock0_.ID) as col_0_0_ 
    from
        STOCK stock0_
DEBUG 1409471736@qtp-1015659282-37 org.hibernate.loader.Loader - Result set row: 0
DEBUG 1409471736@qtp-1015659282-37 org.hibernate.loader.Loader - Result row: 
DEBUG 1409471736@qtp-1015659282-37 org.springframework.orm.hibernate4.HibernateTransactionManager - Initiating transaction commit
DEBUG 1409471736@qtp-1015659282-37 org.springframework.orm.hibernate4.HibernateTransactionManager - Committing Hibernate transaction on Session [SessionImpl(PersistenceContext[entityKeys=[EntityKey[com.ssh.shop.entity.Goods#43], EntityKey[com.ssh.shop.entity.Stock#12], EntityKey[com.ssh.shop.entity.Goods#60], EntityKey[com.ssh.shop.entity.Stock#1], EntityKey[com.ssh.shop.entity.Whlist#1], EntityKey[com.ssh.shop.entity.Stock#2], EntityKey[com.ssh.shop.entity.Whlist#2], EntityKey[com.ssh.shop.entity.Warehouse#3], EntityKey[com.ssh.shop.entity.Warehouse#4], EntityKey[com.ssh.shop.entity.Stock#7], EntityKey[com.ssh.shop.entity.Whlist#7], EntityKey[com.ssh.shop.entity.Stock#10], EntityKey[com.ssh.shop.entity.Goods#42]],collectionKeys=[]];ActionQueue[insertions=org.hibernate.engine.spi.ExecutableList@2cea4941 updates=org.hibernate.engine.spi.ExecutableList@575a6a5 deletions=org.hibernate.engine.spi.ExecutableList@44c410b1 orphanRemovals=org.hibernate.engine.spi.ExecutableList@6f649679 collectionCreations=org.hibernate.engine.spi.ExecutableList@113a6a95 collectionRemovals=org.hibernate.engine.spi.ExecutableList@39d2a699 collectionUpdates=org.hibernate.engine.spi.ExecutableList@5df7688a collectionQueuedOps=org.hibernate.engine.spi.ExecutableList@16ebfa13 unresolvedInsertDependencies=UnresolvedEntityInsertActions[]])]
DEBUG 1409471736@qtp-1015659282-37 org.hibernate.engine.transaction.spi.AbstractTransactionImpl - committing
DEBUG 1409471736@qtp-1015659282-37 org.hibernate.event.internal.AbstractFlushingEventListener - Processing flush-time cascades
DEBUG 1409471736@qtp-1015659282-37 org.hibernate.event.internal.AbstractFlushingEventListener - Dirty checking collections
DEBUG 1409471736@qtp-1015659282-37 org.hibernate.event.internal.AbstractFlushingEventListener - Flushed: 0 insertions, 0 updates, 0 deletions to 13 objects
DEBUG 1409471736@qtp-1015659282-37 org.hibernate.event.internal.AbstractFlushingEventListener - Flushed: 0 (re)creations, 0 updates, 0 removals to 0 collections
DEBUG 1409471736@qtp-1015659282-37 org.hibernate.internal.util.EntityPrinter - Listing entities:
DEBUG 1409471736@qtp-1015659282-37 org.hibernate.internal.util.EntityPrinter - com.ssh.shop.entity.Goods{price=3.0, name=芬达, id=43, pic=pic\8aed1317-a190-4276-825d-b55670b26731.jpg, type=饮料, samary=好喝的芬达}
DEBUG 1409471736@qtp-1015659282-37 org.hibernate.internal.util.EntityPrinter - com.ssh.shop.entity.Stock{date=2017-12-20 00:00:00.0, whlist=com.ssh.shop.entity.Whlist#1, money=276.0, num=23, sellprice=12.0, goods=com.ssh.shop.entity.Goods#42, id=12, userid=1}
DEBUG 1409471736@qtp-1015659282-37 org.hibernate.internal.util.EntityPrinter - com.ssh.shop.entity.Goods{price=3.0, name=小可乐, id=60, pic=pic\e4273a69-c304-4b49-9234-6c4eb843c355.jpg, type=饮料, samary=好喝的小可乐}
DEBUG 1409471736@qtp-1015659282-37 org.hibernate.internal.util.EntityPrinter - com.ssh.shop.entity.Stock{date=2017-12-31 00:00:00.0, whlist=com.ssh.shop.entity.Whlist#1, money=98901.0, num=999, sellprice=99.0, goods=com.ssh.shop.entity.Goods#42, id=1, userid=1}
DEBUG 1409471736@qtp-1015659282-37 org.hibernate.internal.util.EntityPrinter - com.ssh.shop.entity.Whlist{min=100, num=9746, goods=com.ssh.shop.entity.Goods#42, id=1, warehouse=com.ssh.shop.entity.Warehouse#3}
DEBUG 1409471736@qtp-1015659282-37 org.hibernate.internal.util.EntityPrinter - com.ssh.shop.entity.Stock{date=2017-12-29 00:00:00.0, whlist=com.ssh.shop.entity.Whlist#2, money=5000.0, num=1000, sellprice=5.0, goods=com.ssh.shop.entity.Goods#43, id=2, userid=1}
DEBUG 1409471736@qtp-1015659282-37 org.hibernate.internal.util.EntityPrinter - com.ssh.shop.entity.Whlist{min=100, num=1000, goods=com.ssh.shop.entity.Goods#43, id=2, warehouse=com.ssh.shop.entity.Warehouse#4}
DEBUG 1409471736@qtp-1015659282-37 org.hibernate.internal.util.EntityPrinter - com.ssh.shop.entity.Warehouse{address=双流, name=菜鸟驿站, id=3}
DEBUG 1409471736@qtp-1015659282-37 org.hibernate.internal.util.EntityPrinter - com.ssh.shop.entity.Warehouse{address=成都市九眼桥第九个洞, name=二手东, id=4}
DEBUG 1409471736@qtp-1015659282-37 org.hibernate.internal.util.EntityPrinter - com.ssh.shop.entity.Stock{date=2017-12-06 00:00:00.0, whlist=com.ssh.shop.entity.Whlist#7, money=1000.0, num=100, sellprice=10.0, goods=com.ssh.shop.entity.Goods#60, id=7, userid=1}
DEBUG 1409471736@qtp-1015659282-37 org.hibernate.internal.util.EntityPrinter - com.ssh.shop.entity.Whlist{min=200, num=2231, goods=com.ssh.shop.entity.Goods#60, id=7, warehouse=com.ssh.shop.entity.Warehouse#3}
DEBUG 1409471736@qtp-1015659282-37 org.hibernate.internal.util.EntityPrinter - com.ssh.shop.entity.Stock{date=2017-12-20 00:00:00.0, whlist=com.ssh.shop.entity.Whlist#1, money=300.0, num=100, sellprice=3.0, goods=com.ssh.shop.entity.Goods#42, id=10, userid=1}
DEBUG 1409471736@qtp-1015659282-37 org.hibernate.internal.util.EntityPrinter - com.ssh.shop.entity.Goods{price=3.0, name=雪碧, id=42, pic=pic\7f981831-94f3-484b-a8f2-708ca4b7e1ed.jpg, type=饮料, samary=好喝的雪碧}
DEBUG 1409471736@qtp-1015659282-37 org.hibernate.engine.transaction.internal.jdbc.JdbcTransaction - committed JDBC Connection
DEBUG 1409471736@qtp-1015659282-37 org.hibernate.engine.transaction.internal.jdbc.JdbcTransaction - re-enabling autocommit
DEBUG 1409471736@qtp-1015659282-37 org.springframework.orm.hibernate4.HibernateTransactionManager - Not closing pre-bound Hibernate Session [SessionImpl(PersistenceContext[entityKeys=[EntityKey[com.ssh.shop.entity.Goods#43], EntityKey[com.ssh.shop.entity.Stock#12], EntityKey[com.ssh.shop.entity.Goods#60], EntityKey[com.ssh.shop.entity.Stock#1], EntityKey[com.ssh.shop.entity.Whlist#1], EntityKey[com.ssh.shop.entity.Stock#2], EntityKey[com.ssh.shop.entity.Whlist#2], EntityKey[com.ssh.shop.entity.Warehouse#3], EntityKey[com.ssh.shop.entity.Warehouse#4], EntityKey[com.ssh.shop.entity.Stock#7], EntityKey[com.ssh.shop.entity.Whlist#7], EntityKey[com.ssh.shop.entity.Stock#10], EntityKey[com.ssh.shop.entity.Goods#42]],collectionKeys=[]];ActionQueue[insertions=org.hibernate.engine.spi.ExecutableList@2cea4941 updates=org.hibernate.engine.spi.ExecutableList@575a6a5 deletions=org.hibernate.engine.spi.ExecutableList@44c410b1 orphanRemovals=org.hibernate.engine.spi.ExecutableList@6f649679 collectionCreations=org.hibernate.engine.spi.ExecutableList@113a6a95 collectionRemovals=org.hibernate.engine.spi.ExecutableList@39d2a699 collectionUpdates=org.hibernate.engine.spi.ExecutableList@5df7688a collectionQueuedOps=org.hibernate.engine.spi.ExecutableList@16ebfa13 unresolvedInsertDependencies=UnresolvedEntityInsertActions[]])] after transaction
DEBUG 1409471736@qtp-1015659282-37 org.hibernate.internal.SessionImpl - Disconnecting session
DEBUG 1409471736@qtp-1015659282-37 org.hibernate.engine.jdbc.internal.LogicalConnectionImpl - Releasing JDBC connection
DEBUG 1409471736@qtp-1015659282-37 com.mchange.v2.async.ThreadPoolAsynchronousRunner - com.mchange.v2.async.ThreadPoolAsynchronousRunner@1f95881a: Adding task to queue -- com.mchange.v2.resourcepool.BasicResourcePool$1RefurbishCheckinResourceTask@a782f37
DEBUG 1409471736@qtp-1015659282-37 com.mchange.v2.resourcepool.BasicResourcePool - trace com.mchange.v2.resourcepool.BasicResourcePool@415ef4d8 [managed: 3, unused: 2, excluded: 0] (e.g. com.mchange.v2.c3p0.impl.NewPooledConnection@7e6c9df8)
DEBUG 1409471736@qtp-1015659282-37 org.hibernate.engine.jdbc.internal.LogicalConnectionImpl - Released JDBC connection
DEBUG 1409471736@qtp-1015659282-37 org.springframework.orm.hibernate4.HibernateTransactionManager - Resuming suspended transaction after completion of inner transaction
DEBUG 1409471736@qtp-1015659282-37 org.apache.struts2.json.JSONUtil - [JSON]{"total":7,"rows":[{"date":"2017-12-31T00:00:00","goods":{"id":42,"name":"雪碧","pic":"pic\\7f981831-94f3-484b-a8f2-708ca4b7e1ed.jpg","price":3.0,"samary":"好喝的雪碧","type":"饮料"},"id":1,"money":98901.0,"num":999,"sellprice":99.0,"userid":1,"whlist":{"goods":{"id":42,"name":"雪碧","pic":"pic\\7f981831-94f3-484b-a8f2-708ca4b7e1ed.jpg","price":3.0,"samary":"好喝的雪碧","type":"饮料"},"id":1,"min":100,"num":9746,"warehouse":{"address":"双流","id":3,"name":"菜鸟驿站"}}},{"date":"2017-12-29T00:00:00","goods":{"id":43,"name":"芬达","pic":"pic\\8aed1317-a190-4276-825d-b55670b26731.jpg","price":3.0,"samary":"好喝的芬达","type":"饮料"},"id":2,"money":5000.0,"num":1000,"sellprice":5.0,"userid":1,"whlist":{"goods":{"id":43,"name":"芬达","pic":"pic\\8aed1317-a190-4276-825d-b55670b26731.jpg","price":3.0,"samary":"好喝的芬达","type":"饮料"},"id":2,"min":100,"num":1000,"warehouse":{"address":"成都市九眼桥第九个洞","id":4,"name":"二手东"}}},{"date":"2017-12-06T00:00:00","goods":{"id":60,"name":"小可乐","pic":"pic\\e4273a69-c304-4b49-9234-6c4eb843c355.jpg","price":3.0,"samary":"好喝的小可乐","type":"饮料"},"id":7,"money":1000.0,"num":100,"sellprice":10.0,"userid":1,"whlist":{"goods":{"id":60,"name":"小可乐","pic":"pic\\e4273a69-c304-4b49-9234-6c4eb843c355.jpg","price":3.0,"samary":"好喝的小可乐","type":"饮料"},"id":7,"min":200,"num":2231,"warehouse":{"address":"双流","id":3,"name":"菜鸟驿站"}}},{"date":"2017-12-20T00:00:00","goods":{"id":42,"name":"雪碧","pic":"pic\\7f981831-94f3-484b-a8f2-708ca4b7e1ed.jpg","price":3.0,"samary":"好喝的雪碧","type":"饮料"},"id":10,"money":300.0,"num":100,"sellprice":3.0,"userid":1,"whlist":{"goods":{"id":42,"name":"雪碧","pic":"pic\\7f981831-94f3-484b-a8f2-708ca4b7e1ed.jpg","price":3.0,"samary":"好喝的雪碧","type":"饮料"},"id":1,"min":100,"num":9746,"warehouse":{"address":"双流","id":3,"name":"菜鸟驿站"}}},{"date":"2017-12-20T00:00:00","goods":{"id":42,"name":"雪碧","pic":"pic\\7f981831-94f3-484b-a8f2-708ca4b7e1ed.jpg","price":3.0,"samary":"好喝的雪碧","type":"饮料"},"id":12,"money":276.0,"num":23,"sellprice":12.0,"userid":1,"whlist":{"goods":{"id":42,"name":"雪碧","pic":"pic\\7f981831-94f3-484b-a8f2-708ca4b7e1ed.jpg","price":3.0,"samary":"好喝的雪碧","type":"饮料"},"id":1,"min":100,"num":9746,"warehouse":{"address":"双流","id":3,"name":"菜鸟驿站"}}}]}
DEBUG 1409471736@qtp-1015659282-37 com.opensymphony.xwork2.interceptor.I18nInterceptor - after Locale=zh_CN
DEBUG 1409471736@qtp-1015659282-37 com.opensymphony.xwork2.interceptor.I18nInterceptor - intercept } 
DEBUG 1409471736@qtp-1015659282-37 org.springframework.orm.hibernate4.support.OpenSessionInViewFilter - Closing Hibernate Session in OpenSessionInViewFilter
DEBUG C3P0PooledConnectionPoolManager[identityToken->1hge1d9a35aw0t51rla707|4b0b64cc]-AdminTaskTimer com.mchange.v2.async.ThreadPoolAsynchronousRunner - com.mchange.v2.async.ThreadPoolAsynchronousRunner$DeadlockDetector@63be61e -- Running DeadlockDetector[Exiting. No pending tasks.]
DEBUG C3P0PooledConnectionPoolManager[identityToken->1hge1d9a35aw0t51rla707|4b0b64cc]-AdminTaskTimer com.mchange.v2.async.ThreadPoolAsynchronousRunner - com.mchange.v2.async.ThreadPoolAsynchronousRunner$DeadlockDetector@63be61e -- Running DeadlockDetector[Exiting. No pending tasks.]
DEBUG C3P0PooledConnectionPoolManager[identityToken->1hge1d9a35aw0t51rla707|4b0b64cc]-AdminTaskTimer com.mchange.v2.async.ThreadPoolAsynchronousRunner - com.mchange.v2.async.ThreadPoolAsynchronousRunner$DeadlockDetector@63be61e -- Running DeadlockDetector[Exiting. No pending tasks.]
DEBUG C3P0PooledConnectionPoolManager[identityToken->1hge1d9a35aw0t51rla707|4b0b64cc]-AdminTaskTimer com.mchange.v2.async.ThreadPoolAsynchronousRunner - com.mchange.v2.async.ThreadPoolAsynchronousRunner$DeadlockDetector@63be61e -- Running DeadlockDetector[Exiting. No pending tasks.]
DEBUG C3P0PooledConnectionPoolManager[identityToken->1hge1d9a35aw0t51rla707|4b0b64cc]-AdminTaskTimer com.mchange.v2.async.ThreadPoolAsynchronousRunner - com.mchange.v2.async.ThreadPoolAsynchronousRunner$DeadlockDetector@63be61e -- Running DeadlockDetector[Exiting. No pending tasks.]
DEBUG C3P0PooledConnectionPoolManager[identityToken->1hge1d9a35aw0t51rla707|4b0b64cc]-AdminTaskTimer com.mchange.v2.async.ThreadPoolAsynchronousRunner - com.mchange.v2.async.ThreadPoolAsynchronousRunner$DeadlockDetector@63be61e -- Running DeadlockDetector[Exiting. No pending tasks.]
DEBUG C3P0PooledConnectionPoolManager[identityToken->1hge1d9a35aw0t51rla707|4b0b64cc]-AdminTaskTimer com.mchange.v2.async.ThreadPoolAsynchronousRunner - com.mchange.v2.async.ThreadPoolAsynchronousRunner$DeadlockDetector@63be61e -- Running DeadlockDetector[Exiting. No pending tasks.]
